<?xml version="1.0" encoding="UTF-8"?>
<robot generator="Robot 3.2.1 (Python 3.8.1 on win32)" generated="20200728 21:50:19.890" rpa="false">
<suite id="s1" name="Login Form" source="C:\Curso_Robot\web\tests\login_form.robot">
<test id="s1-t1" name="Login com sucesso">
<kw name="Nova sessão" library="base" type="setup">
<kw name="Open Browser" library="SeleniumLibrary">
<doc>Opens a new browser instance to the optional ``url``.</doc>
<arguments>
<arg>${url}</arg>
<arg>chrome</arg>
</arguments>
<msg timestamp="20200728 21:50:20.216" level="INFO">Opening browser 'chrome' to base url 'https://training-wheels-protocol.herokuapp.com'.</msg>
<status status="PASS" starttime="20200728 21:50:20.215" endtime="20200728 21:50:25.763"></status>
</kw>
<kw name="Maximize Browser Window" library="SeleniumLibrary">
<doc>Maximizes current browser window.</doc>
<status status="PASS" starttime="20200728 21:50:25.763" endtime="20200728 21:50:27.887"></status>
</kw>
<status status="PASS" starttime="20200728 21:50:20.215" endtime="20200728 21:50:27.888"></status>
</kw>
<kw name="Go To" library="SeleniumLibrary">
<doc>Navigates the current browser window to the provided ``url``.</doc>
<arguments>
<arg>${url}/login</arg>
</arguments>
<msg timestamp="20200728 21:50:27.889" level="INFO">Opening url 'https://training-wheels-protocol.herokuapp.com/login'</msg>
<status status="PASS" starttime="20200728 21:50:27.888" endtime="20200728 21:50:28.411"></status>
</kw>
<kw name="Login With">
<arguments>
<arg>stark</arg>
<arg>jarvis!</arg>
</arguments>
<kw name="Input Text" library="SeleniumLibrary">
<doc>Types the given ``text`` into the text field identified by ``locator``.</doc>
<arguments>
<arg>css:input[name=username]</arg>
<arg>${uname}</arg>
</arguments>
<msg timestamp="20200728 21:50:28.415" level="INFO">Typing text 'stark' into text field 'css:input[name=username]'.</msg>
<status status="PASS" starttime="20200728 21:50:28.413" endtime="20200728 21:50:28.545"></status>
</kw>
<kw name="Input Text" library="SeleniumLibrary">
<doc>Types the given ``text`` into the text field identified by ``locator``.</doc>
<arguments>
<arg>css:input[name=password]</arg>
<arg>${pass}</arg>
</arguments>
<msg timestamp="20200728 21:50:28.546" level="INFO">Typing text 'jarvis!' into text field 'css:input[name=password]'.</msg>
<status status="PASS" starttime="20200728 21:50:28.546" endtime="20200728 21:50:28.671"></status>
</kw>
<kw name="Click Element" library="SeleniumLibrary">
<doc>Click the element identified by ``locator``.</doc>
<arguments>
<arg>class:btn-login</arg>
</arguments>
<msg timestamp="20200728 21:50:28.672" level="INFO">Clicking element 'class:btn-login'.</msg>
<status status="PASS" starttime="20200728 21:50:28.671" endtime="20200728 21:50:29.206"></status>
</kw>
<status status="PASS" starttime="20200728 21:50:28.412" endtime="20200728 21:50:29.207"></status>
</kw>
<kw name="Page Should Contain" library="SeleniumLibrary">
<doc>Verifies that current page contains ``text``.</doc>
<arguments>
<arg>Olá, Tony Stark. Você acessou a área logada!</arg>
</arguments>
<msg timestamp="20200728 21:50:29.239" level="INFO">Current page contains text 'Olá, Tony Stark. Você acessou a área logada!'.</msg>
<status status="PASS" starttime="20200728 21:50:29.208" endtime="20200728 21:50:29.239"></status>
</kw>
<kw name="Encerra sessão" library="base" type="teardown">
<kw name="Capture Page Screenshot" library="SeleniumLibrary">
<doc>Takes a screenshot of the current page and embeds it into a log file.</doc>
<msg timestamp="20200728 21:50:29.637" level="INFO" html="yes">&lt;/td&gt;&lt;/tr&gt;&lt;tr&gt;&lt;td colspan="3"&gt;&lt;a href="selenium-screenshot-53.png"&gt;&lt;img src="selenium-screenshot-53.png" width="800px"&gt;&lt;/a&gt;</msg>
<status status="PASS" starttime="20200728 21:50:29.241" endtime="20200728 21:50:29.638"></status>
</kw>
<kw name="Close Browser" library="SeleniumLibrary">
<doc>Closes the current browser.</doc>
<status status="PASS" starttime="20200728 21:50:29.638" endtime="20200728 21:50:31.777"></status>
</kw>
<status status="PASS" starttime="20200728 21:50:29.240" endtime="20200728 21:50:31.779"></status>
</kw>
<status status="PASS" starttime="20200728 21:50:20.214" endtime="20200728 21:50:31.780" critical="yes"></status>
</test>
<test id="s1-t2" name="Senha invalida">
<kw name="Nova sessão" library="base" type="setup">
<kw name="Open Browser" library="SeleniumLibrary">
<doc>Opens a new browser instance to the optional ``url``.</doc>
<arguments>
<arg>${url}</arg>
<arg>chrome</arg>
</arguments>
<msg timestamp="20200728 21:50:31.791" level="INFO">Opening browser 'chrome' to base url 'https://training-wheels-protocol.herokuapp.com'.</msg>
<status status="PASS" starttime="20200728 21:50:31.790" endtime="20200728 21:50:37.825"></status>
</kw>
<kw name="Maximize Browser Window" library="SeleniumLibrary">
<doc>Maximizes current browser window.</doc>
<status status="PASS" starttime="20200728 21:50:37.825" endtime="20200728 21:50:39.981"></status>
</kw>
<status status="PASS" starttime="20200728 21:50:31.789" endtime="20200728 21:50:39.981"></status>
</kw>
<kw name="Go To" library="SeleniumLibrary">
<doc>Navigates the current browser window to the provided ``url``.</doc>
<arguments>
<arg>${url}/login</arg>
</arguments>
<msg timestamp="20200728 21:50:39.982" level="INFO">Opening url 'https://training-wheels-protocol.herokuapp.com/login'</msg>
<status status="PASS" starttime="20200728 21:50:39.982" endtime="20200728 21:50:40.521"></status>
</kw>
<kw name="Login With">
<arguments>
<arg>stark</arg>
<arg>abc123</arg>
</arguments>
<kw name="Input Text" library="SeleniumLibrary">
<doc>Types the given ``text`` into the text field identified by ``locator``.</doc>
<arguments>
<arg>css:input[name=username]</arg>
<arg>${uname}</arg>
</arguments>
<msg timestamp="20200728 21:50:40.523" level="INFO">Typing text 'stark' into text field 'css:input[name=username]'.</msg>
<status status="PASS" starttime="20200728 21:50:40.523" endtime="20200728 21:50:40.643"></status>
</kw>
<kw name="Input Text" library="SeleniumLibrary">
<doc>Types the given ``text`` into the text field identified by ``locator``.</doc>
<arguments>
<arg>css:input[name=password]</arg>
<arg>${pass}</arg>
</arguments>
<msg timestamp="20200728 21:50:40.646" level="INFO">Typing text 'abc123' into text field 'css:input[name=password]'.</msg>
<status status="PASS" starttime="20200728 21:50:40.644" endtime="20200728 21:50:40.762"></status>
</kw>
<kw name="Click Element" library="SeleniumLibrary">
<doc>Click the element identified by ``locator``.</doc>
<arguments>
<arg>class:btn-login</arg>
</arguments>
<msg timestamp="20200728 21:50:40.763" level="INFO">Clicking element 'class:btn-login'.</msg>
<status status="PASS" starttime="20200728 21:50:40.762" endtime="20200728 21:50:41.325"></status>
</kw>
<status status="PASS" starttime="20200728 21:50:40.523" endtime="20200728 21:50:41.325"></status>
</kw>
<kw name="Should Contain Login Alert">
<arguments>
<arg>Senha é inválida!</arg>
</arguments>
<kw name="Get WebElement" library="SeleniumLibrary">
<doc>Returns the first WebElement matching the given ``locator``.</doc>
<arguments>
<arg>class:flash error</arg>
</arguments>
<assign>
<var>${message}</var>
</assign>
<kw name="Capture Page Screenshot" library="SeleniumLibrary">
<doc>Takes a screenshot of the current page and embeds it into a log file.</doc>
<msg timestamp="20200728 21:50:41.763" level="INFO" html="yes">&lt;/td&gt;&lt;/tr&gt;&lt;tr&gt;&lt;td colspan="3"&gt;&lt;a href="selenium-screenshot-54.png"&gt;&lt;img src="selenium-screenshot-54.png" width="800px"&gt;&lt;/a&gt;</msg>
<status status="PASS" starttime="20200728 21:50:41.348" endtime="20200728 21:50:41.763"></status>
</kw>
<msg timestamp="20200728 21:50:41.766" level="FAIL">Element with locator 'class:flash error' not found.</msg>
<status status="FAIL" starttime="20200728 21:50:41.327" endtime="20200728 21:50:41.766"></status>
</kw>
<status status="FAIL" starttime="20200728 21:50:41.326" endtime="20200728 21:50:41.766"></status>
</kw>
<kw name="Encerra sessão" library="base" type="teardown">
<kw name="Capture Page Screenshot" library="SeleniumLibrary">
<doc>Takes a screenshot of the current page and embeds it into a log file.</doc>
<msg timestamp="20200728 21:50:42.105" level="INFO" html="yes">&lt;/td&gt;&lt;/tr&gt;&lt;tr&gt;&lt;td colspan="3"&gt;&lt;a href="selenium-screenshot-55.png"&gt;&lt;img src="selenium-screenshot-55.png" width="800px"&gt;&lt;/a&gt;</msg>
<status status="PASS" starttime="20200728 21:50:41.768" endtime="20200728 21:50:42.105"></status>
</kw>
<kw name="Close Browser" library="SeleniumLibrary">
<doc>Closes the current browser.</doc>
<status status="PASS" starttime="20200728 21:50:42.105" endtime="20200728 21:50:44.233"></status>
</kw>
<status status="PASS" starttime="20200728 21:50:41.767" endtime="20200728 21:50:44.234"></status>
</kw>
<tags>
<tag>login_error</tag>
</tags>
<status status="FAIL" starttime="20200728 21:50:31.787" endtime="20200728 21:50:44.234" critical="yes">Element with locator 'class:flash error' not found.</status>
</test>
<test id="s1-t3" name="Usuário não existe">
<kw name="Nova sessão" library="base" type="setup">
<kw name="Open Browser" library="SeleniumLibrary">
<doc>Opens a new browser instance to the optional ``url``.</doc>
<arguments>
<arg>${url}</arg>
<arg>chrome</arg>
</arguments>
<msg timestamp="20200728 21:50:44.244" level="INFO">Opening browser 'chrome' to base url 'https://training-wheels-protocol.herokuapp.com'.</msg>
<status status="PASS" starttime="20200728 21:50:44.243" endtime="20200728 21:50:50.119"></status>
</kw>
<kw name="Maximize Browser Window" library="SeleniumLibrary">
<doc>Maximizes current browser window.</doc>
<status status="PASS" starttime="20200728 21:50:50.119" endtime="20200728 21:50:52.242"></status>
</kw>
<status status="PASS" starttime="20200728 21:50:44.241" endtime="20200728 21:50:52.242"></status>
</kw>
<kw name="Go To" library="SeleniumLibrary">
<doc>Navigates the current browser window to the provided ``url``.</doc>
<arguments>
<arg>${url}/login</arg>
</arguments>
<msg timestamp="20200728 21:50:52.244" level="INFO">Opening url 'https://training-wheels-protocol.herokuapp.com/login'</msg>
<status status="PASS" starttime="20200728 21:50:52.244" endtime="20200728 21:50:52.724"></status>
</kw>
<kw name="Login With">
<arguments>
<arg>jhon</arg>
<arg>abc123</arg>
</arguments>
<kw name="Input Text" library="SeleniumLibrary">
<doc>Types the given ``text`` into the text field identified by ``locator``.</doc>
<arguments>
<arg>css:input[name=username]</arg>
<arg>${uname}</arg>
</arguments>
<msg timestamp="20200728 21:50:52.726" level="INFO">Typing text 'jhon' into text field 'css:input[name=username]'.</msg>
<status status="PASS" starttime="20200728 21:50:52.726" endtime="20200728 21:50:52.858"></status>
</kw>
<kw name="Input Text" library="SeleniumLibrary">
<doc>Types the given ``text`` into the text field identified by ``locator``.</doc>
<arguments>
<arg>css:input[name=password]</arg>
<arg>${pass}</arg>
</arguments>
<msg timestamp="20200728 21:50:52.859" level="INFO">Typing text 'abc123' into text field 'css:input[name=password]'.</msg>
<status status="PASS" starttime="20200728 21:50:52.858" endtime="20200728 21:50:52.974"></status>
</kw>
<kw name="Click Element" library="SeleniumLibrary">
<doc>Click the element identified by ``locator``.</doc>
<arguments>
<arg>class:btn-login</arg>
</arguments>
<msg timestamp="20200728 21:50:52.974" level="INFO">Clicking element 'class:btn-login'.</msg>
<status status="PASS" starttime="20200728 21:50:52.974" endtime="20200728 21:50:53.676"></status>
</kw>
<status status="PASS" starttime="20200728 21:50:52.725" endtime="20200728 21:50:53.677"></status>
</kw>
<kw name="Should Contain Login Alert">
<arguments>
<arg>O usuário informado não está cadastrado!</arg>
</arguments>
<kw name="Get WebElement" library="SeleniumLibrary">
<doc>Returns the first WebElement matching the given ``locator``.</doc>
<arguments>
<arg>class:flash error</arg>
</arguments>
<assign>
<var>${message}</var>
</assign>
<kw name="Capture Page Screenshot" library="SeleniumLibrary">
<doc>Takes a screenshot of the current page and embeds it into a log file.</doc>
<msg timestamp="20200728 21:50:54.167" level="INFO" html="yes">&lt;/td&gt;&lt;/tr&gt;&lt;tr&gt;&lt;td colspan="3"&gt;&lt;a href="selenium-screenshot-56.png"&gt;&lt;img src="selenium-screenshot-56.png" width="800px"&gt;&lt;/a&gt;</msg>
<status status="PASS" starttime="20200728 21:50:53.707" endtime="20200728 21:50:54.167"></status>
</kw>
<msg timestamp="20200728 21:50:54.168" level="FAIL">Element with locator 'class:flash error' not found.</msg>
<status status="FAIL" starttime="20200728 21:50:53.682" endtime="20200728 21:50:54.168"></status>
</kw>
<status status="FAIL" starttime="20200728 21:50:53.681" endtime="20200728 21:50:54.168"></status>
</kw>
<kw name="Encerra sessão" library="base" type="teardown">
<kw name="Capture Page Screenshot" library="SeleniumLibrary">
<doc>Takes a screenshot of the current page and embeds it into a log file.</doc>
<msg timestamp="20200728 21:50:54.521" level="INFO" html="yes">&lt;/td&gt;&lt;/tr&gt;&lt;tr&gt;&lt;td colspan="3"&gt;&lt;a href="selenium-screenshot-57.png"&gt;&lt;img src="selenium-screenshot-57.png" width="800px"&gt;&lt;/a&gt;</msg>
<status status="PASS" starttime="20200728 21:50:54.170" endtime="20200728 21:50:54.521"></status>
</kw>
<kw name="Close Browser" library="SeleniumLibrary">
<doc>Closes the current browser.</doc>
<status status="PASS" starttime="20200728 21:50:54.521" endtime="20200728 21:50:56.648"></status>
</kw>
<status status="PASS" starttime="20200728 21:50:54.169" endtime="20200728 21:50:56.648"></status>
</kw>
<tags>
<tag>login_user404</tag>
</tags>
<status status="FAIL" starttime="20200728 21:50:44.239" endtime="20200728 21:50:56.649" critical="yes">Element with locator 'class:flash error' not found.</status>
</test>
<status status="FAIL" starttime="20200728 21:50:19.892" endtime="20200728 21:50:56.653"></status>
</suite>
<statistics>
<total>
<stat pass="1" fail="2">Critical Tests</stat>
<stat pass="1" fail="2">All Tests</stat>
</total>
<tag>
<stat pass="0" fail="1">login_error</stat>
<stat pass="0" fail="1">login_user404</stat>
</tag>
<suite>
<stat pass="1" fail="2" id="s1" name="Login Form">Login Form</stat>
</suite>
</statistics>
<errors>
</errors>
</robot>
